<?xml version="1.0" encoding="UTF-8"?>
<!-- Generated by org.testng.reporters.JUnitXMLReporter -->
<testsuite hostname="LAPTOP-6C1CFLE6" ignored="0" name="TekArch TestCases" tests="8" failures="0" timestamp="2021-02-17T21:40:51 EST" time="32.226" errors="0">
  <testcase name="loginPageTitleTest" time="0.01" classname="com.qa.TestCases.LoginTest"/>
  <testcase name="loginToApp" time="0.229" classname="com.qa.TestCases.LoginTest"/>
  <testcase name="verifyHomePageHeader" time="0.005" classname="com.qa.TestCases.HomePageTest"/>
  <testcase name="clickCalculatorLink" time="0.457" classname="com.qa.TestCases.HomePageTest"/>
  <testcase name="validateNewStudent" time="1.281" classname="com.qa.TestCases.HomePageTest"/>
  <testcase name="validateNewStudent" time="1.347" classname="com.qa.TestCases.HomePageTest"/>
  <testcase name="validateNewStudent" time="1.188" classname="com.qa.TestCases.HomePageTest"/>
  <testcase name="validateNewStudent" time="1.347" classname="com.qa.TestCases.HomePageTest"/>
</testsuite> <!-- TekArch TestCases -->
